<?xml version="1.0" encoding="UTF-8"?>
<!-- Generated by org.testng.reporters.JUnitReportReporter -->
<testsuite hostname="LAPTOP-RUL66E4V" failures="0" tests="4" name="com.runners.EntrataRunner" time="124.714" errors="0" timestamp="2024-01-18T17:34:15 IST" skipped="0">
  <testcase classname="com.runners.EntrataRunner" name="runScenario" time="32.928"/>
  <system-out/>
  <testcase classname="com.runners.EntrataRunner" name="runScenario" time="22.338"/>
  <system-out/>
  <testcase classname="com.runners.EntrataRunner" name="runScenario" time="30.044"/>
  <system-out/>
  <testcase classname="com.runners.EntrataRunner" name="runScenario" time="39.404"/>
  <system-out/>
</testsuite> <!-- com.runners.EntrataRunner -->
